\BOOKMARK [0][-]{chapter.1}{\376\377\000R\000e\000j\000s\000t\001\131\000\355\000k\000\040\000h\000i\000e\000r\000a\000r\000c\000h\000i\000e\000\040\000t\001\131\000\355\000d}{}% 1
\BOOKMARK [1][-]{section.1.1}{\376\377\000H\000i\000e\000r\000a\000r\000c\000h\000i\000e\000\040\000t\001\131\000\355\000d}{chapter.1}% 2
\BOOKMARK [0][-]{chapter.2}{\376\377\000R\000e\000j\000s\000t\001\131\000\355\000k\000\040\000t\001\131\000\355\000d}{}% 3
\BOOKMARK [1][-]{section.2.1}{\376\377\000S\000e\000z\000n\000a\000m\000\040\000t\001\131\000\355\000d}{chapter.2}% 4
\BOOKMARK [0][-]{chapter.3}{\376\377\000D\000o\000k\000u\000m\000e\000n\000t\000a\000c\000e\000\040\000t\001\131\000\355\000d}{}% 5
\BOOKMARK [1][-]{section.3.1}{\376\377\000D\000o\000k\000u\000m\000e\000n\000t\000a\000c\000e\000\040\000t\001\131\000\355\000d\000y\000\040\000A\000p\000p\000\134\000M\000o\000d\000e\000l\000\134\000B\000a\000s\000e}{chapter.3}% 6
\BOOKMARK [2][-]{subsection.3.1.1}{\376\377\000D\000e\000t\000a\000i\000l\000n\000\355\000\040\000p\000o\000p\000i\000s}{section.3.1}% 7
\BOOKMARK [1][-]{section.3.2}{\376\377\000D\000o\000k\000u\000m\000e\000n\000t\000a\000c\000e\000\040\000t\001\131\000\355\000d\000y\000\040\000A\000p\000p\000\134\000P\000r\000e\000s\000e\000n\000t\000e\000r\000s\000\134\000B\000a\000s\000e\000P\000r\000e\000s\000e\000n\000t\000e\000r}{chapter.3}% 8
\BOOKMARK [2][-]{subsection.3.2.1}{\376\377\000D\000e\000t\000a\000i\000l\000n\000\355\000\040\000p\000o\000p\000i\000s}{section.3.2}% 9
\BOOKMARK [1][-]{section.3.3}{\376\377\000D\000o\000k\000u\000m\000e\000n\000t\000a\000c\000e\000\040\000t\001\131\000\355\000d\000y\000\040\000A\000p\000p\000\134\000M\000o\000d\000e\000l\000\134\000D\000u\000p\000l\000i\000c\000a\000t\000e\000N\000a\000m\000e\000E\000x\000c\000e\000p\000t\000i\000o\000n}{chapter.3}% 10
\BOOKMARK [1][-]{section.3.4}{\376\377\000D\000o\000k\000u\000m\000e\000n\000t\000a\000c\000e\000\040\000t\001\131\000\355\000d\000y\000\040\000A\000p\000p\000\134\000P\000r\000e\000s\000e\000n\000t\000e\000r\000s\000\134\000E\000r\000r\000o\000r\0004\000x\000x\000P\000r\000e\000s\000e\000n\000t\000e\000r}{chapter.3}% 11
\BOOKMARK [1][-]{section.3.5}{\376\377\000D\000o\000k\000u\000m\000e\000n\000t\000a\000c\000e\000\040\000t\001\131\000\355\000d\000y\000\040\000A\000p\000p\000\134\000P\000r\000e\000s\000e\000n\000t\000e\000r\000s\000\134\000E\000r\000r\000o\000r\000P\000r\000e\000s\000e\000n\000t\000e\000r}{chapter.3}% 12
\BOOKMARK [2][-]{subsection.3.5.1}{\376\377\000D\000o\000k\000u\000m\000e\000n\000t\000a\000c\000e\000\040\000k\000\040\000m\000e\000t\000o\000d\000\341\000m}{section.3.5}% 13
\BOOKMARK [3][-]{subsubsection.3.5.1.1}{\376\377\000r\000u\000n}{subsection.3.5.1}% 14
\BOOKMARK [1][-]{section.3.6}{\376\377\000D\000o\000k\000u\000m\000e\000n\000t\000a\000c\000e\000\040\000t\001\131\000\355\000d\000y\000\040\000A\000p\000p\000\134\000P\000r\000e\000s\000e\000n\000t\000e\000r\000s\000\134\000H\000o\000m\000e\000p\000a\000g\000e\000P\000r\000e\000s\000e\000n\000t\000e\000r}{chapter.3}% 15
\BOOKMARK [2][-]{subsection.3.6.1}{\376\377\000D\000e\000t\000a\000i\000l\000n\000\355\000\040\000p\000o\000p\000i\000s}{section.3.6}% 16
\BOOKMARK [2][-]{subsection.3.6.2}{\376\377\000D\000o\000k\000u\000m\000e\000n\000t\000a\000c\000e\000\040\000k\000\040\000m\000e\000t\000o\000d\000\341\000m}{section.3.6}% 17
\BOOKMARK [3][-]{subsubsection.3.6.2.1}{\376\377\000i\000n\000j\000e\000c\000t\000M\000o\000d\000e\000l\000s}{subsection.3.6.2}% 18
\BOOKMARK [3][-]{subsubsection.3.6.2.2}{\376\377\000l\000o\000g\000i\000n\000F\000o\000r\000m\000S\000u\000c\000c\000e\000e\000d\000e\000d}{subsection.3.6.2}% 19
\BOOKMARK [1][-]{section.3.7}{\376\377\000D\000o\000k\000u\000m\000e\000n\000t\000a\000c\000e\000\040\000t\001\131\000\355\000d\000y\000\040\000A\000p\000p\000\134\000M\000o\000d\000e\000l\000\134\000P\000a\000s\000t\000e\000r\000s}{chapter.3}% 20
\BOOKMARK [2][-]{subsection.3.7.1}{\376\377\000D\000e\000t\000a\000i\000l\000n\000\355\000\040\000p\000o\000p\000i\000s}{section.3.7}% 21
\BOOKMARK [2][-]{subsection.3.7.2}{\376\377\000D\000o\000k\000u\000m\000e\000n\000t\000a\000c\000e\000\040\000k\000\040\000m\000e\000t\000o\000d\000\341\000m}{section.3.7}% 22
\BOOKMARK [3][-]{subsubsection.3.7.2.1}{\376\377\000a\000d\000d}{subsection.3.7.2}% 23
\BOOKMARK [3][-]{subsubsection.3.7.2.2}{\376\377\000d\000e\000l}{subsection.3.7.2}% 24
\BOOKMARK [3][-]{subsubsection.3.7.2.3}{\376\377\000d\000e\000l\000B\000y\000U\000s\000e\000r}{subsection.3.7.2}% 25
\BOOKMARK [3][-]{subsubsection.3.7.2.4}{\376\377\000f\000i\000n\000d\000B\000y}{subsection.3.7.2}% 26
\BOOKMARK [3][-]{subsubsection.3.7.2.5}{\376\377\000g\000e\000t\000B\000y\000U\000s\000e\000r}{subsection.3.7.2}% 27
\BOOKMARK [3][-]{subsubsection.3.7.2.6}{\376\377\000g\000e\000t\000L\000i\000n\000e}{subsection.3.7.2}% 28
\BOOKMARK [3][-]{subsubsection.3.7.2.7}{\376\377\000g\000e\000t\000L\000i\000n\000e\000B\000y\000U\000s\000e\000r\000I\000d}{subsection.3.7.2}% 29
\BOOKMARK [3][-]{subsubsection.3.7.2.8}{\376\377\000g\000e\000t\000T\000a\000b\000l\000e}{subsection.3.7.2}% 30
\BOOKMARK [3][-]{subsubsection.3.7.2.9}{\376\377\000u\000p\000d\000a\000t\000e}{subsection.3.7.2}% 31
\BOOKMARK [1][-]{section.3.8}{\376\377\000D\000o\000k\000u\000m\000e\000n\000t\000a\000c\000e\000\040\000t\001\131\000\355\000d\000y\000\040\000A\000p\000p\000\134\000P\000r\000e\000s\000e\000n\000t\000e\000r\000s\000\134\000P\000a\000s\000t\000e\000s\000P\000r\000e\000s\000e\000n\000t\000e\000r}{chapter.3}% 32
\BOOKMARK [2][-]{subsection.3.8.1}{\376\377\000D\000e\000t\000a\000i\000l\000n\000\355\000\040\000p\000o\000p\000i\000s}{section.3.8}% 33
\BOOKMARK [2][-]{subsection.3.8.2}{\376\377\000D\000o\000k\000u\000m\000e\000n\000t\000a\000c\000e\000\040\000k\000\040\000m\000e\000t\000o\000d\000\341\000m}{section.3.8}% 34
\BOOKMARK [3][-]{subsubsection.3.8.2.1}{\376\377\000a\000c\000t\000i\000o\000n\000D\000e\000l\000e\000t\000e}{subsection.3.8.2}% 35
\BOOKMARK [3][-]{subsubsection.3.8.2.2}{\376\377\000a\000c\000t\000i\000o\000n\000S\000h\000o\000w}{subsection.3.8.2}% 36
\BOOKMARK [3][-]{subsubsection.3.8.2.3}{\376\377\000i\000n\000j\000e\000c\000t\000M\000o\000d\000e\000l\000s}{subsection.3.8.2}% 37
\BOOKMARK [1][-]{section.3.9}{\376\377\000D\000o\000k\000u\000m\000e\000n\000t\000a\000c\000e\000\040\000t\001\131\000\355\000d\000y\000\040\000A\000p\000p\000\134\000R\000o\000u\000t\000e\000r\000F\000a\000c\000t\000o\000r\000y}{chapter.3}% 38
\BOOKMARK [2][-]{subsection.3.9.1}{\376\377\000D\000o\000k\000u\000m\000e\000n\000t\000a\000c\000e\000\040\000k\000\040\000m\000e\000t\000o\000d\000\341\000m}{section.3.9}% 39
\BOOKMARK [3][-]{subsubsection.3.9.1.1}{\376\377\000c\000r\000e\000a\000t\000e\000R\000o\000u\000t\000e\000r}{subsection.3.9.1}% 40
\BOOKMARK [1][-]{section.3.10}{\376\377\000D\000o\000k\000u\000m\000e\000n\000t\000a\000c\000e\000\040\000t\001\131\000\355\000d\000y\000\040\000A\000p\000p\000\134\000F\000o\000r\000m\000s\000\134\000S\000i\000g\000n\000F\000o\000r\000m\000F\000a\000c\000t\000o\000r\000y}{chapter.3}% 41
\BOOKMARK [2][-]{subsection.3.10.1}{\376\377\000D\000o\000k\000u\000m\000e\000n\000t\000a\000c\000e\000\040\000k\000\040\000m\000e\000t\000o\000d\000\341\000m}{section.3.10}% 42
\BOOKMARK [3][-]{subsubsection.3.10.1.1}{\376\377\000c\000r\000e\000a\000t\000e}{subsection.3.10.1}% 43
\BOOKMARK [1][-]{section.3.11}{\376\377\000D\000o\000k\000u\000m\000e\000n\000t\000a\000c\000e\000\040\000t\001\131\000\355\000d\000y\000\040\000A\000p\000p\000\134\000P\000r\000e\000s\000e\000n\000t\000e\000r\000s\000\134\000S\000i\000g\000n\000P\000r\000e\000s\000e\000n\000t\000e\000r}{chapter.3}% 44
\BOOKMARK [2][-]{subsection.3.11.1}{\376\377\000D\000o\000k\000u\000m\000e\000n\000t\000a\000c\000e\000\040\000k\000\040\000m\000e\000t\000o\000d\000\341\000m}{section.3.11}% 45
\BOOKMARK [3][-]{subsubsection.3.11.1.1}{\376\377\000c\000r\000e\000a\000t\000e\000C\000o\000m\000p\000o\000n\000e\000n\000t\000S\000i\000g\000n\000I\000n\000F\000o\000r\000m}{subsection.3.11.1}% 46
\BOOKMARK [1][-]{section.3.12}{\376\377\000D\000o\000k\000u\000m\000e\000n\000t\000a\000c\000e\000\040\000t\001\131\000\355\000d\000y\000\040\000A\000p\000p\000\134\000M\000o\000d\000e\000l\000\134\000U\000s\000e\000r\000M\000a\000n\000a\000g\000e\000r}{chapter.3}% 47
\BOOKMARK [2][-]{subsection.3.12.1}{\376\377\000D\000e\000t\000a\000i\000l\000n\000\355\000\040\000p\000o\000p\000i\000s}{section.3.12}% 48
\BOOKMARK [2][-]{subsection.3.12.2}{\376\377\000D\000o\000k\000u\000m\000e\000n\000t\000a\000c\000e\000\040\000k\000\040\000m\000e\000t\000o\000d\000\341\000m}{section.3.12}% 49
\BOOKMARK [3][-]{subsubsection.3.12.2.1}{\376\377\000a\000d\000d}{subsection.3.12.2}% 50
\BOOKMARK [3][-]{subsubsection.3.12.2.2}{\376\377\000a\000u\000t\000h\000e\000n\000t\000i\000c\000a\000t\000e}{subsection.3.12.2}% 51
\BOOKMARK [0][-]{section*.19}{\376\377\000R\000e\000j\000s\000t\001\131\000\355\000k}{}% 52
